2025-11-20 08:12:24,857 [trainer.py] => config: ./exps/adapter_cub.json
2025-11-20 08:12:24,857 [trainer.py] => prefix: all
2025-11-20 08:12:24,857 [trainer.py] => dataset: cub
2025-11-20 08:12:24,857 [trainer.py] => shuffle: True
2025-11-20 08:12:24,857 [trainer.py] => ssca: True
2025-11-20 08:12:24,857 [trainer.py] => ca: True
2025-11-20 08:12:24,857 [trainer.py] => init_cls: 10
2025-11-20 08:12:24,858 [trainer.py] => increment: 10
2025-11-20 08:12:24,858 [trainer.py] => model_name: adapter
2025-11-20 08:12:24,858 [trainer.py] => convnet_type: pretrained_vit_b16_224_in21k_adapter
2025-11-20 08:12:24,858 [trainer.py] => device: [device(type='cuda', index=0)]
2025-11-20 08:12:24,858 [trainer.py] => seed: 1993
2025-11-20 08:12:24,858 [trainer.py] => init_epochs: 20
2025-11-20 08:12:24,858 [trainer.py] => warmup_epoch: 9
2025-11-20 08:12:24,858 [trainer.py] => inc_epochs: 30
2025-11-20 08:12:24,858 [trainer.py] => ca_epochs: 10
2025-11-20 08:12:24,858 [trainer.py] => init_lr: 0.03773856474362839
2025-11-20 08:12:24,858 [trainer.py] => batch_size: 128
2025-11-20 08:12:24,858 [trainer.py] => weight_decay: 3.425582163491081e-06
2025-11-20 08:12:24,858 [trainer.py] => min_lr: 0
2025-11-20 08:12:24,858 [trainer.py] => ffn_num: 64
2025-11-20 08:12:24,858 [trainer.py] => optimizer: sgd
2025-11-20 08:12:24,858 [trainer.py] => scale: 20.0
2025-11-20 08:12:24,858 [trainer.py] => margin: 0.1
2025-11-20 08:12:24,858 [trainer.py] => alpha: 1.0
2025-11-20 08:12:24,858 [trainer.py] => rs_margin: 0.5
2025-11-20 08:12:24,858 [trainer.py] => lambda_rs: 0.2
2025-11-20 08:12:24,858 [trainer.py] => beta: 1.5
2025-11-20 08:12:24,858 [trainer.py] => gamma: 0.75
2025-11-20 08:12:24,858 [trainer.py] => ae_code_dims: 768
2025-11-20 08:12:24,858 [trainer.py] => ae_init_lr: 0.09988605662355629
2025-11-20 08:12:24,858 [trainer.py] => ae_weight_decay: 9.418584598386518e-05
2025-11-20 08:12:24,900 [data_manager.py] => [168, 136, 51, 9, 183, 101, 171, 99, 42, 159, 191, 70, 16, 188, 27, 10, 175, 26, 68, 187, 98, 6, 85, 35, 112, 43, 100, 0, 103, 181, 88, 59, 4, 2, 116, 174, 94, 80, 106, 1, 147, 17, 141, 131, 72, 23, 173, 54, 197, 118, 87, 32, 79, 104, 91, 19, 135, 107, 178, 36, 11, 199, 142, 8, 122, 3, 28, 57, 153, 172, 190, 56, 49, 44, 97, 62, 151, 169, 194, 55, 192, 12, 189, 78, 66, 180, 15, 137, 109, 134, 92, 119, 126, 52, 170, 40, 148, 65, 144, 64, 138, 45, 77, 89, 154, 90, 71, 193, 74, 30, 113, 143, 96, 84, 67, 50, 186, 156, 69, 21, 18, 111, 108, 58, 125, 157, 150, 110, 182, 129, 166, 83, 81, 60, 13, 165, 14, 176, 63, 117, 5, 22, 145, 121, 38, 41, 82, 127, 114, 20, 31, 53, 37, 163, 196, 130, 152, 162, 86, 76, 24, 34, 184, 149, 33, 128, 198, 155, 146, 167, 139, 120, 140, 102, 47, 25, 158, 123, 46, 164, 61, 7, 115, 75, 133, 160, 105, 132, 179, 124, 48, 73, 93, 39, 95, 195, 29, 177, 185, 161]
2025-11-20 08:12:27,602 [trainer.py] => All params: 86988288
2025-11-20 08:12:27,602 [trainer.py] => Trainable params: 1189632
2025-11-20 08:12:27,603 [RSIAT_adapter.py] => Learning on 0-10
2025-11-20 08:12:27,931 [toolkit.py] => All params: 86251776
2025-11-20 08:12:27,931 [toolkit.py] => Trainable params: 1197312
2025-11-20 08:13:35,586 [RSIAT_adapter.py] => Task 0, Epoch 20/20 => Loss 0.417, Loss_c 0.327, Losses_rt 0.090, Train_accy 94.99, Test_accy 100.00
2025-11-20 08:13:42,342 [trainer.py] => CNN: {'total': 100.0, '00-09': 100.0, 'old': 0.0, 'new': 100.0}
2025-11-20 08:13:42,342 [trainer.py] => CNN top1 curve: [100.0]
2025-11-20 08:13:42,342 [trainer.py] => CNN top5 curve: [100.0]
2025-11-20 08:13:42,342 [trainer.py] => Average Accuracy (CNN): 100.0
2025-11-20 08:13:42,342 [trainer.py] => All params: 86995968
2025-11-20 08:13:42,343 [trainer.py] => Trainable params: 1197312
2025-11-20 08:13:42,346 [RSIAT_adapter.py] => Learning on 10-20
2025-11-20 08:13:43,832 [toolkit.py] => All params: 87201920
2025-11-20 08:13:43,833 [toolkit.py] => Trainable params: 1403264
2025-11-20 08:15:48,679 [RSIAT_adapter.py] => Task 1, Epoch 30/30 => Loss 0.465, Loss_c 0.252, Losses_rt 0.212, Train_accy 96.57, Test_accy 91.90
2025-11-20 08:15:57,354 [base.py] => CA Task 1 => Loss 0.055, Test_accy 97.980
2025-11-20 08:15:58,895 [base.py] => CA Task 1 => Loss 0.024, Test_accy 97.980
2025-11-20 08:16:00,428 [base.py] => CA Task 1 => Loss 0.018, Test_accy 98.790
2025-11-20 08:16:01,978 [base.py] => CA Task 1 => Loss 0.020, Test_accy 98.790
2025-11-20 08:16:03,484 [base.py] => CA Task 1 => Loss 0.016, Test_accy 98.790
2025-11-20 08:16:04,989 [base.py] => CA Task 1 => Loss 0.016, Test_accy 98.790
2025-11-20 08:16:06,520 [base.py] => CA Task 1 => Loss 0.015, Test_accy 98.790
2025-11-20 08:16:07,992 [base.py] => CA Task 1 => Loss 0.015, Test_accy 98.790
2025-11-20 08:16:09,472 [base.py] => CA Task 1 => Loss 0.015, Test_accy 98.790
2025-11-20 08:16:10,995 [base.py] => CA Task 1 => Loss 0.014, Test_accy 98.790
2025-11-20 08:16:12,501 [trainer.py] => CNN: {'total': 98.79, '00-09': 99.15, '10-19': 98.45, 'old': 99.15, 'new': 98.45}
2025-11-20 08:16:12,502 [trainer.py] => CNN top1 curve: [100.0, 98.79]
2025-11-20 08:16:12,502 [trainer.py] => CNN top5 curve: [100.0, 100.0]
2025-11-20 08:16:12,502 [trainer.py] => Average Accuracy (CNN): 99.39500000000001
2025-11-20 08:16:12,503 [trainer.py] => All params: 87003648
2025-11-20 08:16:12,504 [trainer.py] => Trainable params: 1204992
2025-11-20 08:16:12,505 [RSIAT_adapter.py] => Learning on 20-30
2025-11-20 08:16:14,043 [toolkit.py] => All params: 87209600
2025-11-20 08:16:14,043 [toolkit.py] => Trainable params: 1410944
2025-11-20 08:18:24,256 [RSIAT_adapter.py] => Task 2, Epoch 30/30 => Loss 0.315, Loss_c 0.149, Losses_rt 0.166, Train_accy 97.27, Test_accy 97.67
2025-11-20 08:18:32,917 [base.py] => CA Task 2 => Loss 0.037, Test_accy 98.260
2025-11-20 08:18:34,650 [base.py] => CA Task 2 => Loss 0.026, Test_accy 98.550
2025-11-20 08:18:36,342 [base.py] => CA Task 2 => Loss 0.021, Test_accy 98.550
2025-11-20 08:18:38,090 [base.py] => CA Task 2 => Loss 0.020, Test_accy 98.550
2025-11-20 08:18:39,807 [base.py] => CA Task 2 => Loss 0.019, Test_accy 98.550
2025-11-20 08:18:41,562 [base.py] => CA Task 2 => Loss 0.017, Test_accy 98.550
2025-11-20 08:18:43,234 [base.py] => CA Task 2 => Loss 0.018, Test_accy 98.550
2025-11-20 08:18:44,910 [base.py] => CA Task 2 => Loss 0.017, Test_accy 98.550
2025-11-20 08:18:46,609 [base.py] => CA Task 2 => Loss 0.016, Test_accy 98.550
2025-11-20 08:18:48,371 [base.py] => CA Task 2 => Loss 0.017, Test_accy 98.550
2025-11-20 08:18:49,966 [trainer.py] => CNN: {'total': 98.55, '00-09': 99.15, '10-19': 98.45, '20-29': 97.94, 'old': 98.79, 'new': 97.94}
2025-11-20 08:18:49,967 [trainer.py] => CNN top1 curve: [100.0, 98.79, 98.55]
2025-11-20 08:18:49,967 [trainer.py] => CNN top5 curve: [100.0, 100.0, 99.42]
2025-11-20 08:18:49,967 [trainer.py] => Average Accuracy (CNN): 99.11333333333334
2025-11-20 08:18:49,967 [trainer.py] => All params: 87011328
2025-11-20 08:18:49,968 [trainer.py] => Trainable params: 1212672
2025-11-20 08:18:49,971 [RSIAT_adapter.py] => Learning on 30-40
2025-11-20 08:18:51,475 [toolkit.py] => All params: 87217280
2025-11-20 08:18:51,475 [toolkit.py] => Trainable params: 1418624
2025-11-20 08:21:05,176 [RSIAT_adapter.py] => Task 3, Epoch 30/30 => Loss 0.347, Loss_c 0.212, Losses_rt 0.134, Train_accy 84.65, Test_accy 93.17
2025-11-20 08:21:14,145 [base.py] => CA Task 3 => Loss 0.062, Test_accy 97.140
2025-11-20 08:21:16,109 [base.py] => CA Task 3 => Loss 0.039, Test_accy 97.360
2025-11-20 08:21:18,060 [base.py] => CA Task 3 => Loss 0.034, Test_accy 97.580
2025-11-20 08:21:19,963 [base.py] => CA Task 3 => Loss 0.030, Test_accy 97.800
2025-11-20 08:21:21,931 [base.py] => CA Task 3 => Loss 0.028, Test_accy 98.020
2025-11-20 08:21:23,871 [base.py] => CA Task 3 => Loss 0.027, Test_accy 98.020
2025-11-20 08:21:25,802 [base.py] => CA Task 3 => Loss 0.026, Test_accy 97.800
2025-11-20 08:21:27,733 [base.py] => CA Task 3 => Loss 0.026, Test_accy 98.020
2025-11-20 08:21:29,724 [base.py] => CA Task 3 => Loss 0.027, Test_accy 98.020
2025-11-20 08:21:31,602 [base.py] => CA Task 3 => Loss 0.026, Test_accy 98.020
2025-11-20 08:21:33,348 [trainer.py] => CNN: {'total': 98.02, '00-09': 99.15, '10-19': 97.67, '20-29': 97.94, '30-39': 97.27, 'old': 98.26, 'new': 97.27}
2025-11-20 08:21:33,348 [trainer.py] => CNN top1 curve: [100.0, 98.79, 98.55, 98.02]
2025-11-20 08:21:33,348 [trainer.py] => CNN top5 curve: [100.0, 100.0, 99.42, 99.34]
2025-11-20 08:21:33,348 [trainer.py] => Average Accuracy (CNN): 98.84
2025-11-20 08:21:33,349 [trainer.py] => All params: 87019008
2025-11-20 08:21:33,350 [trainer.py] => Trainable params: 1220352
2025-11-20 08:21:33,350 [RSIAT_adapter.py] => Learning on 40-50
2025-11-20 08:21:34,872 [toolkit.py] => All params: 87224960
2025-11-20 08:21:34,872 [toolkit.py] => Trainable params: 1426304
2025-11-20 08:23:54,117 [RSIAT_adapter.py] => Task 4, Epoch 30/30 => Loss 0.399, Loss_c 0.282, Losses_rt 0.116, Train_accy 85.29, Test_accy 95.19
2025-11-20 08:24:03,460 [base.py] => CA Task 4 => Loss 0.041, Test_accy 97.150
2025-11-20 08:24:05,635 [base.py] => CA Task 4 => Loss 0.032, Test_accy 97.330
2025-11-20 08:24:07,784 [base.py] => CA Task 4 => Loss 0.030, Test_accy 97.500
2025-11-20 08:24:09,952 [base.py] => CA Task 4 => Loss 0.028, Test_accy 97.500
2025-11-20 08:24:12,148 [base.py] => CA Task 4 => Loss 0.028, Test_accy 97.500
2025-11-20 08:24:14,297 [base.py] => CA Task 4 => Loss 0.026, Test_accy 97.500
2025-11-20 08:24:16,475 [base.py] => CA Task 4 => Loss 0.026, Test_accy 97.500
2025-11-20 08:24:18,604 [base.py] => CA Task 4 => Loss 0.025, Test_accy 97.500
2025-11-20 08:24:20,788 [base.py] => CA Task 4 => Loss 0.025, Test_accy 97.500
2025-11-20 08:24:23,027 [base.py] => CA Task 4 => Loss 0.026, Test_accy 97.500
2025-11-20 08:24:24,937 [trainer.py] => CNN: {'total': 97.5, '00-09': 98.31, '10-19': 97.67, '20-29': 97.94, '30-39': 96.36, '40-49': 97.2, 'old': 97.58, 'new': 97.2}
2025-11-20 08:24:24,938 [trainer.py] => CNN top1 curve: [100.0, 98.79, 98.55, 98.02, 97.5]
2025-11-20 08:24:24,938 [trainer.py] => CNN top5 curve: [100.0, 100.0, 99.42, 99.34, 99.47]
2025-11-20 08:24:24,938 [trainer.py] => Average Accuracy (CNN): 98.572
2025-11-20 08:24:24,939 [trainer.py] => All params: 87026688
2025-11-20 08:24:24,939 [trainer.py] => Trainable params: 1228032
2025-11-20 08:24:24,940 [RSIAT_adapter.py] => Learning on 50-60
2025-11-20 08:24:26,476 [toolkit.py] => All params: 87232640
2025-11-20 08:24:26,476 [toolkit.py] => Trainable params: 1433984
2025-11-20 08:26:51,766 [RSIAT_adapter.py] => Task 5, Epoch 30/30 => Loss 0.313, Loss_c 0.214, Losses_rt 0.098, Train_accy 90.72, Test_accy 94.20
2025-11-20 08:27:01,479 [base.py] => CA Task 5 => Loss 0.061, Test_accy 95.390
2025-11-20 08:27:03,896 [base.py] => CA Task 5 => Loss 0.049, Test_accy 95.390
2025-11-20 08:27:06,316 [base.py] => CA Task 5 => Loss 0.044, Test_accy 95.240
2025-11-20 08:27:08,653 [base.py] => CA Task 5 => Loss 0.041, Test_accy 95.090
2025-11-20 08:27:11,077 [base.py] => CA Task 5 => Loss 0.039, Test_accy 95.240
2025-11-20 08:27:13,425 [base.py] => CA Task 5 => Loss 0.038, Test_accy 95.390
2025-11-20 08:27:15,948 [base.py] => CA Task 5 => Loss 0.036, Test_accy 95.240
2025-11-20 08:27:18,451 [base.py] => CA Task 5 => Loss 0.037, Test_accy 95.240
2025-11-20 08:27:20,878 [base.py] => CA Task 5 => Loss 0.036, Test_accy 95.390
2025-11-20 08:27:23,290 [base.py] => CA Task 5 => Loss 0.036, Test_accy 95.390
2025-11-20 08:27:25,367 [trainer.py] => CNN: {'total': 95.39, '00-09': 90.68, '10-19': 97.67, '20-29': 97.94, '30-39': 97.27, '40-49': 96.26, '50-59': 92.79, 'old': 95.9, 'new': 92.79}
2025-11-20 08:27:25,367 [trainer.py] => CNN top1 curve: [100.0, 98.79, 98.55, 98.02, 97.5, 95.39]
2025-11-20 08:27:25,367 [trainer.py] => CNN top5 curve: [100.0, 100.0, 99.42, 99.34, 99.47, 99.4]
2025-11-20 08:27:25,367 [trainer.py] => Average Accuracy (CNN): 98.04166666666667
2025-11-20 08:27:25,368 [trainer.py] => All params: 87034368
2025-11-20 08:27:25,369 [trainer.py] => Trainable params: 1235712
2025-11-20 08:27:25,370 [RSIAT_adapter.py] => Learning on 60-70
2025-11-20 08:27:26,969 [toolkit.py] => All params: 87240320
2025-11-20 08:27:26,969 [toolkit.py] => Trainable params: 1441664
2025-11-20 08:29:59,706 [RSIAT_adapter.py] => Task 6, Epoch 30/30 => Loss 0.410, Loss_c 0.315, Losses_rt 0.095, Train_accy 83.78, Test_accy 93.19
2025-11-20 08:30:10,078 [base.py] => CA Task 6 => Loss 0.077, Test_accy 94.090
2025-11-20 08:30:12,811 [base.py] => CA Task 6 => Loss 0.064, Test_accy 94.470
2025-11-20 08:30:15,487 [base.py] => CA Task 6 => Loss 0.059, Test_accy 94.090
2025-11-20 08:30:18,169 [base.py] => CA Task 6 => Loss 0.055, Test_accy 93.960
2025-11-20 08:30:20,870 [base.py] => CA Task 6 => Loss 0.052, Test_accy 93.960
2025-11-20 08:30:23,547 [base.py] => CA Task 6 => Loss 0.052, Test_accy 93.960
2025-11-20 08:30:26,370 [base.py] => CA Task 6 => Loss 0.049, Test_accy 93.830
2025-11-20 08:30:29,212 [base.py] => CA Task 6 => Loss 0.050, Test_accy 93.960
2025-11-20 08:30:31,914 [base.py] => CA Task 6 => Loss 0.048, Test_accy 93.960
2025-11-20 08:30:34,664 [base.py] => CA Task 6 => Loss 0.048, Test_accy 93.960
2025-11-20 08:30:36,981 [trainer.py] => CNN: {'total': 93.96, '00-09': 88.98, '10-19': 94.57, '20-29': 97.94, '30-39': 96.36, '40-49': 96.26, '50-59': 90.99, '60-69': 93.4, 'old': 94.05, 'new': 93.4}
2025-11-20 08:30:36,981 [trainer.py] => CNN top1 curve: [100.0, 98.79, 98.55, 98.02, 97.5, 95.39, 93.96]
2025-11-20 08:30:36,981 [trainer.py] => CNN top5 curve: [100.0, 100.0, 99.42, 99.34, 99.47, 99.4, 99.36]
2025-11-20 08:30:36,981 [trainer.py] => Average Accuracy (CNN): 97.45857142857143
2025-11-20 08:30:36,982 [trainer.py] => All params: 87042048
2025-11-20 08:30:36,982 [trainer.py] => Trainable params: 1243392
2025-11-20 08:30:36,987 [RSIAT_adapter.py] => Learning on 70-80
2025-11-20 08:30:38,470 [toolkit.py] => All params: 87248000
2025-11-20 08:30:38,470 [toolkit.py] => Trainable params: 1449344
2025-11-20 08:33:14,730 [RSIAT_adapter.py] => Task 7, Epoch 30/30 => Loss 0.231, Loss_c 0.143, Losses_rt 0.088, Train_accy 93.68, Test_accy 94.02
2025-11-20 08:33:25,193 [base.py] => CA Task 7 => Loss 0.058, Test_accy 94.120
2025-11-20 08:33:28,352 [base.py] => CA Task 7 => Loss 0.053, Test_accy 94.560
2025-11-20 08:33:31,370 [base.py] => CA Task 7 => Loss 0.050, Test_accy 94.120
2025-11-20 08:33:34,422 [base.py] => CA Task 7 => Loss 0.047, Test_accy 94.120
2025-11-20 08:33:37,458 [base.py] => CA Task 7 => Loss 0.046, Test_accy 94.340
2025-11-20 08:33:40,518 [base.py] => CA Task 7 => Loss 0.046, Test_accy 94.230
2025-11-20 08:33:43,564 [base.py] => CA Task 7 => Loss 0.044, Test_accy 94.120
2025-11-20 08:33:46,546 [base.py] => CA Task 7 => Loss 0.044, Test_accy 94.120
2025-11-20 08:33:49,618 [base.py] => CA Task 7 => Loss 0.045, Test_accy 94.230
2025-11-20 08:33:52,614 [base.py] => CA Task 7 => Loss 0.044, Test_accy 94.230
2025-11-20 08:33:55,151 [trainer.py] => CNN: {'total': 94.23, '00-09': 86.44, '10-19': 94.57, '20-29': 97.94, '30-39': 96.36, '40-49': 96.26, '50-59': 90.99, '60-69': 93.4, '70-79': 97.87, 'old': 93.57, 'new': 97.87}
2025-11-20 08:33:55,152 [trainer.py] => CNN top1 curve: [100.0, 98.79, 98.55, 98.02, 97.5, 95.39, 93.96, 94.23]
2025-11-20 08:33:55,152 [trainer.py] => CNN top5 curve: [100.0, 100.0, 99.42, 99.34, 99.47, 99.4, 99.36, 99.35]
2025-11-20 08:33:55,152 [trainer.py] => Average Accuracy (CNN): 97.055
2025-11-20 08:33:55,153 [trainer.py] => All params: 87049728
2025-11-20 08:33:55,154 [trainer.py] => Trainable params: 1251072
2025-11-20 08:33:55,155 [RSIAT_adapter.py] => Learning on 80-90
2025-11-20 08:33:56,759 [toolkit.py] => All params: 87255680
2025-11-20 08:33:56,759 [toolkit.py] => Trainable params: 1457024
2025-11-20 08:36:40,040 [RSIAT_adapter.py] => Task 8, Epoch 30/30 => Loss 0.307, Loss_c 0.225, Losses_rt 0.082, Train_accy 90.46, Test_accy 93.44
2025-11-20 08:36:51,040 [base.py] => CA Task 8 => Loss 0.060, Test_accy 94.010
2025-11-20 08:36:54,371 [base.py] => CA Task 8 => Loss 0.055, Test_accy 93.820
2025-11-20 08:36:57,694 [base.py] => CA Task 8 => Loss 0.051, Test_accy 94.010
2025-11-20 08:37:01,041 [base.py] => CA Task 8 => Loss 0.048, Test_accy 94.010
2025-11-20 08:37:04,366 [base.py] => CA Task 8 => Loss 0.047, Test_accy 93.820
2025-11-20 08:37:07,790 [base.py] => CA Task 8 => Loss 0.046, Test_accy 93.920
2025-11-20 08:37:11,102 [base.py] => CA Task 8 => Loss 0.045, Test_accy 94.010
2025-11-20 08:37:14,498 [base.py] => CA Task 8 => Loss 0.045, Test_accy 93.920
2025-11-20 08:37:17,937 [base.py] => CA Task 8 => Loss 0.045, Test_accy 94.010
2025-11-20 08:37:21,192 [base.py] => CA Task 8 => Loss 0.044, Test_accy 94.010
2025-11-20 08:37:23,855 [trainer.py] => CNN: {'total': 94.01, '00-09': 87.29, '10-19': 93.02, '20-29': 97.94, '30-39': 96.36, '40-49': 96.26, '50-59': 89.19, '60-69': 92.45, '70-79': 97.16, '80-89': 96.24, 'old': 93.69, 'new': 96.24}
2025-11-20 08:37:23,855 [trainer.py] => CNN top1 curve: [100.0, 98.79, 98.55, 98.02, 97.5, 95.39, 93.96, 94.23, 94.01]
2025-11-20 08:37:23,855 [trainer.py] => CNN top5 curve: [100.0, 100.0, 99.42, 99.34, 99.47, 99.4, 99.36, 99.35, 99.33]
2025-11-20 08:37:23,855 [trainer.py] => Average Accuracy (CNN): 96.71666666666667
2025-11-20 08:37:23,856 [trainer.py] => All params: 87057408
2025-11-20 08:37:23,856 [trainer.py] => Trainable params: 1258752
2025-11-20 08:37:23,857 [RSIAT_adapter.py] => Learning on 90-100
2025-11-20 08:37:25,466 [toolkit.py] => All params: 87263360
2025-11-20 08:37:25,466 [toolkit.py] => Trainable params: 1464704
2025-11-20 08:40:14,025 [RSIAT_adapter.py] => Task 9, Epoch 30/30 => Loss 0.376, Loss_c 0.300, Losses_rt 0.077, Train_accy 75.94, Test_accy 90.82
2025-11-20 08:40:25,714 [base.py] => CA Task 9 => Loss 0.081, Test_accy 93.100
2025-11-20 08:40:29,461 [base.py] => CA Task 9 => Loss 0.065, Test_accy 93.350
2025-11-20 08:40:33,138 [base.py] => CA Task 9 => Loss 0.060, Test_accy 93.010
2025-11-20 08:40:36,904 [base.py] => CA Task 9 => Loss 0.056, Test_accy 93.010
2025-11-20 08:40:40,599 [base.py] => CA Task 9 => Loss 0.055, Test_accy 92.930
2025-11-20 08:40:44,300 [base.py] => CA Task 9 => Loss 0.054, Test_accy 92.930
2025-11-20 08:40:48,047 [base.py] => CA Task 9 => Loss 0.054, Test_accy 92.930
2025-11-20 08:40:51,748 [base.py] => CA Task 9 => Loss 0.053, Test_accy 92.930
2025-11-20 08:40:55,464 [base.py] => CA Task 9 => Loss 0.053, Test_accy 93.010
2025-11-20 08:40:59,159 [base.py] => CA Task 9 => Loss 0.053, Test_accy 92.930
2025-11-20 08:41:02,055 [trainer.py] => CNN: {'total': 92.93, '00-09': 84.75, '10-19': 93.02, '20-29': 97.94, '30-39': 91.82, '40-49': 96.26, '50-59': 89.19, '60-69': 90.57, '70-79': 97.16, '80-89': 95.49, '90-99': 92.65, 'old': 92.97, 'new': 92.65}
2025-11-20 08:41:02,056 [trainer.py] => CNN top1 curve: [100.0, 98.79, 98.55, 98.02, 97.5, 95.39, 93.96, 94.23, 94.01, 92.93]
2025-11-20 08:41:02,056 [trainer.py] => CNN top5 curve: [100.0, 100.0, 99.42, 99.34, 99.47, 99.4, 99.36, 99.35, 99.33, 99.16]
2025-11-20 08:41:02,056 [trainer.py] => Average Accuracy (CNN): 96.33800000000001
2025-11-20 08:41:02,057 [trainer.py] => All params: 87065088
2025-11-20 08:41:02,057 [trainer.py] => Trainable params: 1266432
2025-11-20 08:41:02,059 [RSIAT_adapter.py] => Learning on 100-110
2025-11-20 08:41:03,751 [toolkit.py] => All params: 87271040
2025-11-20 08:41:03,751 [toolkit.py] => Trainable params: 1472384
2025-11-20 08:44:01,139 [RSIAT_adapter.py] => Task 10, Epoch 30/30 => Loss 0.231, Loss_c 0.161, Losses_rt 0.071, Train_accy 91.06, Test_accy 92.33
2025-11-20 08:44:13,099 [base.py] => CA Task 10 => Loss 0.067, Test_accy 93.170
2025-11-20 08:44:17,066 [base.py] => CA Task 10 => Loss 0.060, Test_accy 93.170
2025-11-20 08:44:21,104 [base.py] => CA Task 10 => Loss 0.057, Test_accy 93.020
2025-11-20 08:44:25,115 [base.py] => CA Task 10 => Loss 0.056, Test_accy 93.320
2025-11-20 08:44:29,006 [base.py] => CA Task 10 => Loss 0.054, Test_accy 93.170
2025-11-20 08:44:33,075 [base.py] => CA Task 10 => Loss 0.053, Test_accy 93.250
2025-11-20 08:44:37,094 [base.py] => CA Task 10 => Loss 0.053, Test_accy 93.090
2025-11-20 08:44:40,957 [base.py] => CA Task 10 => Loss 0.053, Test_accy 93.250
2025-11-20 08:44:44,873 [base.py] => CA Task 10 => Loss 0.051, Test_accy 93.320
2025-11-20 08:44:48,909 [base.py] => CA Task 10 => Loss 0.052, Test_accy 93.400
2025-11-20 08:44:52,062 [trainer.py] => CNN: {'total': 93.4, '00-09': 86.44, '10-19': 90.7, '20-29': 97.94, '30-39': 92.73, '40-49': 96.26, '50-59': 89.19, '60-69': 89.62, '70-79': 97.87, '80-89': 96.24, '90-99': 94.85, '100-109': 94.78, 'old': 93.27, 'new': 94.78}
2025-11-20 08:44:52,063 [trainer.py] => CNN top1 curve: [100.0, 98.79, 98.55, 98.02, 97.5, 95.39, 93.96, 94.23, 94.01, 92.93, 93.4]
2025-11-20 08:44:52,063 [trainer.py] => CNN top5 curve: [100.0, 100.0, 99.42, 99.34, 99.47, 99.4, 99.36, 99.35, 99.33, 99.16, 99.08]
2025-11-20 08:44:52,063 [trainer.py] => Average Accuracy (CNN): 96.07090909090911
2025-11-20 08:44:52,064 [trainer.py] => All params: 87072768
2025-11-20 08:44:52,064 [trainer.py] => Trainable params: 1274112
2025-11-20 08:44:52,065 [RSIAT_adapter.py] => Learning on 110-120
2025-11-20 08:44:53,626 [toolkit.py] => All params: 87278720
2025-11-20 08:44:53,626 [toolkit.py] => Trainable params: 1480064
2025-11-20 08:47:53,791 [RSIAT_adapter.py] => Task 11, Epoch 30/30 => Loss 0.186, Loss_c 0.117, Losses_rt 0.069, Train_accy 93.21, Test_accy 88.63
2025-11-20 08:48:06,121 [base.py] => CA Task 11 => Loss 0.090, Test_accy 92.300
2025-11-20 08:48:10,468 [base.py] => CA Task 11 => Loss 0.077, Test_accy 92.370
2025-11-20 08:48:14,624 [base.py] => CA Task 11 => Loss 0.071, Test_accy 92.660
2025-11-20 08:48:19,015 [base.py] => CA Task 11 => Loss 0.068, Test_accy 92.660
2025-11-20 08:48:23,184 [base.py] => CA Task 11 => Loss 0.067, Test_accy 92.800
2025-11-20 08:48:27,404 [base.py] => CA Task 11 => Loss 0.065, Test_accy 92.580
2025-11-20 08:48:31,622 [base.py] => CA Task 11 => Loss 0.063, Test_accy 92.730
2025-11-20 08:48:35,827 [base.py] => CA Task 11 => Loss 0.063, Test_accy 92.730
2025-11-20 08:48:40,112 [base.py] => CA Task 11 => Loss 0.063, Test_accy 92.660
2025-11-20 08:48:44,504 [base.py] => CA Task 11 => Loss 0.062, Test_accy 92.660
2025-11-20 08:48:47,714 [trainer.py] => CNN: {'total': 92.66, '00-09': 86.44, '10-19': 90.7, '20-29': 97.94, '30-39': 91.82, '40-49': 96.26, '50-59': 89.19, '60-69': 88.68, '70-79': 92.91, '80-89': 95.49, '90-99': 93.38, '100-109': 95.65, '110-119': 93.81, 'old': 92.56, 'new': 93.81}
2025-11-20 08:48:47,714 [trainer.py] => CNN top1 curve: [100.0, 98.79, 98.55, 98.02, 97.5, 95.39, 93.96, 94.23, 94.01, 92.93, 93.4, 92.66]
2025-11-20 08:48:47,715 [trainer.py] => CNN top5 curve: [100.0, 100.0, 99.42, 99.34, 99.47, 99.4, 99.36, 99.35, 99.33, 99.16, 99.08, 99.01]
2025-11-20 08:48:47,715 [trainer.py] => Average Accuracy (CNN): 95.78666666666669
2025-11-20 08:48:47,715 [trainer.py] => All params: 87080448
2025-11-20 08:48:47,716 [trainer.py] => Trainable params: 1281792
2025-11-20 08:48:47,717 [RSIAT_adapter.py] => Learning on 120-130
2025-11-20 08:48:49,316 [toolkit.py] => All params: 87286400
2025-11-20 08:48:49,316 [toolkit.py] => Trainable params: 1487744
2025-11-20 08:51:56,402 [RSIAT_adapter.py] => Task 12, Epoch 30/30 => Loss 0.383, Loss_c 0.317, Losses_rt 0.066, Train_accy 91.08, Test_accy 90.81
2025-11-20 08:52:09,208 [base.py] => CA Task 12 => Loss 0.089, Test_accy 91.460
2025-11-20 08:52:13,805 [base.py] => CA Task 12 => Loss 0.078, Test_accy 91.860
2025-11-20 08:52:18,428 [base.py] => CA Task 12 => Loss 0.075, Test_accy 92.060
2025-11-20 08:52:23,072 [base.py] => CA Task 12 => Loss 0.072, Test_accy 92.060
2025-11-20 08:52:27,717 [base.py] => CA Task 12 => Loss 0.069, Test_accy 92.060
2025-11-20 08:52:32,335 [base.py] => CA Task 12 => Loss 0.067, Test_accy 91.790
2025-11-20 08:52:36,945 [base.py] => CA Task 12 => Loss 0.069, Test_accy 92.060
2025-11-20 08:52:41,503 [base.py] => CA Task 12 => Loss 0.067, Test_accy 92.190
2025-11-20 08:52:46,053 [base.py] => CA Task 12 => Loss 0.066, Test_accy 92.120
2025-11-20 08:52:50,640 [base.py] => CA Task 12 => Loss 0.066, Test_accy 92.120
2025-11-20 08:52:54,024 [trainer.py] => CNN: {'total': 92.12, '00-09': 85.59, '10-19': 90.7, '20-29': 97.94, '30-39': 90.91, '40-49': 91.59, '50-59': 90.09, '60-69': 85.85, '70-79': 95.04, '80-89': 95.49, '90-99': 92.65, '100-109': 96.52, '110-119': 94.69, '120-129': 89.72, 'old': 92.3, 'new': 89.72}
2025-11-20 08:52:54,025 [trainer.py] => CNN top1 curve: [100.0, 98.79, 98.55, 98.02, 97.5, 95.39, 93.96, 94.23, 94.01, 92.93, 93.4, 92.66, 92.12]
2025-11-20 08:52:54,025 [trainer.py] => CNN top5 curve: [100.0, 100.0, 99.42, 99.34, 99.47, 99.4, 99.36, 99.35, 99.33, 99.16, 99.08, 99.01, 98.88]
2025-11-20 08:52:54,025 [trainer.py] => Average Accuracy (CNN): 95.50461538461542
2025-11-20 08:52:54,025 [trainer.py] => All params: 87088128
2025-11-20 08:52:54,026 [trainer.py] => Trainable params: 1289472
2025-11-20 08:52:54,027 [RSIAT_adapter.py] => Learning on 130-140
2025-11-20 08:52:55,594 [toolkit.py] => All params: 87294080
2025-11-20 08:52:55,595 [toolkit.py] => Trainable params: 1495424
2025-11-20 08:56:05,662 [RSIAT_adapter.py] => Task 13, Epoch 30/30 => Loss 0.331, Loss_c 0.271, Losses_rt 0.060, Train_accy 83.47, Test_accy 91.22
2025-11-20 08:56:18,541 [base.py] => CA Task 13 => Loss 0.087, Test_accy 91.530
2025-11-20 08:56:23,482 [base.py] => CA Task 13 => Loss 0.080, Test_accy 91.590
2025-11-20 08:56:28,335 [base.py] => CA Task 13 => Loss 0.076, Test_accy 91.530
2025-11-20 08:56:33,197 [base.py] => CA Task 13 => Loss 0.074, Test_accy 91.530
2025-11-20 08:56:38,162 [base.py] => CA Task 13 => Loss 0.073, Test_accy 91.470
2025-11-20 08:56:42,952 [base.py] => CA Task 13 => Loss 0.072, Test_accy 91.590
2025-11-20 08:56:47,727 [base.py] => CA Task 13 => Loss 0.071, Test_accy 91.590
2025-11-20 08:56:52,548 [base.py] => CA Task 13 => Loss 0.071, Test_accy 91.710
2025-11-20 08:56:57,441 [base.py] => CA Task 13 => Loss 0.069, Test_accy 91.770
2025-11-20 08:57:02,386 [base.py] => CA Task 13 => Loss 0.070, Test_accy 91.770
2025-11-20 08:57:05,862 [trainer.py] => CNN: {'total': 91.77, '00-09': 84.75, '10-19': 89.15, '20-29': 97.94, '30-39': 90.91, '40-49': 91.59, '50-59': 88.29, '60-69': 87.74, '70-79': 93.62, '80-89': 95.49, '90-99': 92.65, '100-109': 96.52, '110-119': 94.69, '120-129': 86.92, '130-139': 94.07, 'old': 91.6, 'new': 94.07}
2025-11-20 08:57:05,862 [trainer.py] => CNN top1 curve: [100.0, 98.79, 98.55, 98.02, 97.5, 95.39, 93.96, 94.23, 94.01, 92.93, 93.4, 92.66, 92.12, 91.77]
2025-11-20 08:57:05,862 [trainer.py] => CNN top5 curve: [100.0, 100.0, 99.42, 99.34, 99.47, 99.4, 99.36, 99.35, 99.33, 99.16, 99.08, 99.01, 98.88, 98.72]
2025-11-20 08:57:05,862 [trainer.py] => Average Accuracy (CNN): 95.23785714285717
2025-11-20 08:57:05,863 [trainer.py] => All params: 87095808
2025-11-20 08:57:05,864 [trainer.py] => Trainable params: 1297152
2025-11-20 08:57:05,864 [RSIAT_adapter.py] => Learning on 140-150
2025-11-20 08:57:07,392 [toolkit.py] => All params: 87301760
2025-11-20 08:57:07,393 [toolkit.py] => Trainable params: 1503104
2025-11-20 09:00:19,620 [RSIAT_adapter.py] => Task 14, Epoch 30/30 => Loss 0.243, Loss_c 0.189, Losses_rt 0.054, Train_accy 88.94, Test_accy 88.85
2025-11-20 09:00:33,029 [base.py] => CA Task 14 => Loss 0.097, Test_accy 91.280
2025-11-20 09:00:38,284 [base.py] => CA Task 14 => Loss 0.087, Test_accy 91.170
2025-11-20 09:00:43,641 [base.py] => CA Task 14 => Loss 0.083, Test_accy 91.110
2025-11-20 09:00:48,843 [base.py] => CA Task 14 => Loss 0.081, Test_accy 91.280
2025-11-20 09:00:54,195 [base.py] => CA Task 14 => Loss 0.079, Test_accy 91.620
2025-11-20 09:00:59,485 [base.py] => CA Task 14 => Loss 0.078, Test_accy 91.230
2025-11-20 09:01:04,710 [base.py] => CA Task 14 => Loss 0.077, Test_accy 91.170
2025-11-20 09:01:10,028 [base.py] => CA Task 14 => Loss 0.077, Test_accy 91.340
2025-11-20 09:01:15,447 [base.py] => CA Task 14 => Loss 0.077, Test_accy 91.230
2025-11-20 09:01:20,721 [base.py] => CA Task 14 => Loss 0.076, Test_accy 91.230
2025-11-20 09:01:24,347 [trainer.py] => CNN: {'total': 91.23, '00-09': 83.9, '10-19': 89.15, '20-29': 96.91, '30-39': 89.09, '40-49': 91.59, '50-59': 88.29, '60-69': 87.74, '70-79': 93.62, '80-89': 95.49, '90-99': 91.91, '100-109': 96.52, '110-119': 92.04, '120-129': 87.85, '130-139': 93.22, '140-149': 90.48, 'old': 91.29, 'new': 90.48}
2025-11-20 09:01:24,347 [trainer.py] => CNN top1 curve: [100.0, 98.79, 98.55, 98.02, 97.5, 95.39, 93.96, 94.23, 94.01, 92.93, 93.4, 92.66, 92.12, 91.77, 91.23]
2025-11-20 09:01:24,347 [trainer.py] => CNN top5 curve: [100.0, 100.0, 99.42, 99.34, 99.47, 99.4, 99.36, 99.35, 99.33, 99.16, 99.08, 99.01, 98.88, 98.72, 98.75]
2025-11-20 09:01:24,347 [trainer.py] => Average Accuracy (CNN): 94.97066666666669
2025-11-20 09:01:24,348 [trainer.py] => All params: 87103488
2025-11-20 09:01:24,348 [trainer.py] => Trainable params: 1304832
2025-11-20 09:01:24,349 [RSIAT_adapter.py] => Learning on 150-160
2025-11-20 09:01:25,911 [toolkit.py] => All params: 87309440
2025-11-20 09:01:25,911 [toolkit.py] => Trainable params: 1510784
2025-11-20 09:04:47,649 [RSIAT_adapter.py] => Task 15, Epoch 30/30 => Loss 0.277, Loss_c 0.225, Losses_rt 0.051, Train_accy 91.45, Test_accy 89.69
2025-11-20 09:05:01,431 [base.py] => CA Task 15 => Loss 0.095, Test_accy 91.750
2025-11-20 09:05:06,870 [base.py] => CA Task 15 => Loss 0.089, Test_accy 91.640
2025-11-20 09:05:12,529 [base.py] => CA Task 15 => Loss 0.086, Test_accy 91.700
2025-11-20 09:05:18,031 [base.py] => CA Task 15 => Loss 0.084, Test_accy 91.590
2025-11-20 09:05:23,683 [base.py] => CA Task 15 => Loss 0.081, Test_accy 91.490
2025-11-20 09:05:29,451 [base.py] => CA Task 15 => Loss 0.081, Test_accy 91.640
2025-11-20 09:05:35,030 [base.py] => CA Task 15 => Loss 0.081, Test_accy 91.490
2025-11-20 09:05:40,766 [base.py] => CA Task 15 => Loss 0.079, Test_accy 91.590
2025-11-20 09:05:46,556 [base.py] => CA Task 15 => Loss 0.080, Test_accy 91.490
2025-11-20 09:05:52,437 [base.py] => CA Task 15 => Loss 0.080, Test_accy 91.540
2025-11-20 09:05:56,366 [trainer.py] => CNN: {'total': 91.54, '00-09': 83.05, '10-19': 88.37, '20-29': 96.91, '30-39': 90.91, '40-49': 91.59, '50-59': 89.19, '60-69': 87.74, '70-79': 92.91, '80-89': 94.74, '90-99': 91.18, '100-109': 95.65, '110-119': 92.04, '120-129': 87.85, '130-139': 94.07, '140-149': 91.27, '150-159': 96.77, 'old': 91.17, 'new': 96.77}
2025-11-20 09:05:56,366 [trainer.py] => CNN top1 curve: [100.0, 98.79, 98.55, 98.02, 97.5, 95.39, 93.96, 94.23, 94.01, 92.93, 93.4, 92.66, 92.12, 91.77, 91.23, 91.54]
2025-11-20 09:05:56,366 [trainer.py] => CNN top5 curve: [100.0, 100.0, 99.42, 99.34, 99.47, 99.4, 99.36, 99.35, 99.33, 99.16, 99.08, 99.01, 98.88, 98.72, 98.75, 98.78]
2025-11-20 09:05:56,366 [trainer.py] => Average Accuracy (CNN): 94.75625000000002
2025-11-20 09:05:56,367 [trainer.py] => All params: 87111168
2025-11-20 09:05:56,368 [trainer.py] => Trainable params: 1312512
2025-11-20 09:05:56,370 [RSIAT_adapter.py] => Learning on 160-170
2025-11-20 09:05:58,125 [toolkit.py] => All params: 87317120
2025-11-20 09:05:58,125 [toolkit.py] => Trainable params: 1518464
2025-11-20 09:09:24,582 [RSIAT_adapter.py] => Task 16, Epoch 30/30 => Loss 0.233, Loss_c 0.183, Losses_rt 0.050, Train_accy 92.24, Test_accy 86.91
2025-11-20 09:09:39,236 [base.py] => CA Task 16 => Loss 0.108, Test_accy 91.010
2025-11-20 09:09:45,352 [base.py] => CA Task 16 => Loss 0.094, Test_accy 91.010
2025-11-20 09:09:51,610 [base.py] => CA Task 16 => Loss 0.090, Test_accy 90.960
2025-11-20 09:09:57,651 [base.py] => CA Task 16 => Loss 0.088, Test_accy 90.810
2025-11-20 09:10:03,720 [base.py] => CA Task 16 => Loss 0.087, Test_accy 90.810
2025-11-20 09:10:09,771 [base.py] => CA Task 16 => Loss 0.087, Test_accy 91.210
2025-11-20 09:10:15,966 [base.py] => CA Task 16 => Loss 0.085, Test_accy 91.360
2025-11-20 09:10:22,104 [base.py] => CA Task 16 => Loss 0.084, Test_accy 91.360
2025-11-20 09:10:28,068 [base.py] => CA Task 16 => Loss 0.084, Test_accy 91.310
2025-11-20 09:10:34,314 [base.py] => CA Task 16 => Loss 0.085, Test_accy 91.310
2025-11-20 09:10:38,383 [trainer.py] => CNN: {'total': 91.31, '00-09': 83.05, '10-19': 88.37, '20-29': 95.88, '30-39': 90.0, '40-49': 90.65, '50-59': 89.19, '60-69': 87.74, '70-79': 92.91, '80-89': 93.98, '90-99': 90.44, '100-109': 95.65, '110-119': 92.92, '120-129': 87.85, '130-139': 93.22, '140-149': 89.68, '150-159': 97.58, '160-169': 92.54, 'old': 91.22, 'new': 92.54}
2025-11-20 09:10:38,383 [trainer.py] => CNN top1 curve: [100.0, 98.79, 98.55, 98.02, 97.5, 95.39, 93.96, 94.23, 94.01, 92.93, 93.4, 92.66, 92.12, 91.77, 91.23, 91.54, 91.31]
2025-11-20 09:10:38,383 [trainer.py] => CNN top5 curve: [100.0, 100.0, 99.42, 99.34, 99.47, 99.4, 99.36, 99.35, 99.33, 99.16, 99.08, 99.01, 98.88, 98.72, 98.75, 98.78, 98.72]
2025-11-20 09:10:38,384 [trainer.py] => Average Accuracy (CNN): 94.55352941176473
2025-11-20 09:10:38,384 [trainer.py] => All params: 87118848
2025-11-20 09:10:38,385 [trainer.py] => Trainable params: 1320192
2025-11-20 09:10:38,386 [RSIAT_adapter.py] => Learning on 170-180
2025-11-20 09:10:40,076 [toolkit.py] => All params: 87324800
2025-11-20 09:10:40,077 [toolkit.py] => Trainable params: 1526144
2025-11-20 09:14:14,846 [RSIAT_adapter.py] => Task 17, Epoch 30/30 => Loss 0.229, Loss_c 0.181, Losses_rt 0.048, Train_accy 93.32, Test_accy 88.16
2025-11-20 09:14:29,447 [base.py] => CA Task 17 => Loss 0.109, Test_accy 90.600
2025-11-20 09:14:35,673 [base.py] => CA Task 17 => Loss 0.097, Test_accy 91.070
2025-11-20 09:14:41,976 [base.py] => CA Task 17 => Loss 0.093, Test_accy 91.210
2025-11-20 09:14:48,446 [base.py] => CA Task 17 => Loss 0.092, Test_accy 91.170
2025-11-20 09:14:54,754 [base.py] => CA Task 17 => Loss 0.090, Test_accy 90.980
2025-11-20 09:15:01,031 [base.py] => CA Task 17 => Loss 0.088, Test_accy 90.980
2025-11-20 09:15:07,617 [base.py] => CA Task 17 => Loss 0.089, Test_accy 91.020
2025-11-20 09:15:13,974 [base.py] => CA Task 17 => Loss 0.087, Test_accy 91.070
2025-11-20 09:15:20,124 [base.py] => CA Task 17 => Loss 0.088, Test_accy 91.070
2025-11-20 09:15:26,666 [base.py] => CA Task 17 => Loss 0.087, Test_accy 91.070
2025-11-20 09:15:30,910 [trainer.py] => CNN: {'total': 91.07, '00-09': 82.2, '10-19': 86.82, '20-29': 94.85, '30-39': 89.09, '40-49': 90.65, '50-59': 89.19, '60-69': 85.85, '70-79': 93.62, '80-89': 93.98, '90-99': 90.44, '100-109': 95.65, '110-119': 91.15, '120-129': 85.98, '130-139': 93.22, '140-149': 90.48, '150-159': 96.77, '160-169': 93.28, '170-179': 95.15, 'old': 90.86, 'new': 95.15}
2025-11-20 09:15:30,910 [trainer.py] => CNN top1 curve: [100.0, 98.79, 98.55, 98.02, 97.5, 95.39, 93.96, 94.23, 94.01, 92.93, 93.4, 92.66, 92.12, 91.77, 91.23, 91.54, 91.31, 91.07]
2025-11-20 09:15:30,910 [trainer.py] => CNN top5 curve: [100.0, 100.0, 99.42, 99.34, 99.47, 99.4, 99.36, 99.35, 99.33, 99.16, 99.08, 99.01, 98.88, 98.72, 98.75, 98.78, 98.72, 98.68]
2025-11-20 09:15:30,910 [trainer.py] => Average Accuracy (CNN): 94.36000000000001
2025-11-20 09:15:30,911 [trainer.py] => All params: 87126528
2025-11-20 09:15:30,911 [trainer.py] => Trainable params: 1327872
2025-11-20 09:15:30,919 [RSIAT_adapter.py] => Learning on 180-190
2025-11-20 09:15:32,514 [toolkit.py] => All params: 87332480
2025-11-20 09:15:32,514 [toolkit.py] => Trainable params: 1533824
2025-11-20 09:19:08,250 [RSIAT_adapter.py] => Task 18, Epoch 30/30 => Loss 0.238, Loss_c 0.197, Losses_rt 0.042, Train_accy 93.85, Test_accy 87.83
2025-11-20 09:19:23,183 [base.py] => CA Task 18 => Loss 0.113, Test_accy 90.490
2025-11-20 09:19:29,975 [base.py] => CA Task 18 => Loss 0.102, Test_accy 90.660
2025-11-20 09:19:36,709 [base.py] => CA Task 18 => Loss 0.097, Test_accy 90.710
2025-11-20 09:19:43,551 [base.py] => CA Task 18 => Loss 0.096, Test_accy 90.800
2025-11-20 09:19:50,818 [base.py] => CA Task 18 => Loss 0.094, Test_accy 90.660
2025-11-20 09:19:57,501 [base.py] => CA Task 18 => Loss 0.093, Test_accy 90.930
2025-11-20 09:20:04,288 [base.py] => CA Task 18 => Loss 0.093, Test_accy 90.660
2025-11-20 09:20:11,254 [base.py] => CA Task 18 => Loss 0.093, Test_accy 90.800
2025-11-20 09:20:18,154 [base.py] => CA Task 18 => Loss 0.091, Test_accy 90.800
2025-11-20 09:20:24,992 [base.py] => CA Task 18 => Loss 0.093, Test_accy 90.750
2025-11-20 09:20:29,473 [trainer.py] => CNN: {'total': 90.75, '00-09': 80.51, '10-19': 86.82, '20-29': 94.85, '30-39': 85.45, '40-49': 90.65, '50-59': 89.19, '60-69': 86.79, '70-79': 94.33, '80-89': 95.49, '90-99': 88.97, '100-109': 93.91, '110-119': 91.15, '120-129': 85.05, '130-139': 92.37, '140-149': 90.48, '150-159': 96.77, '160-169': 92.54, '170-179': 95.15, '180-189': 92.42, 'old': 90.65, 'new': 92.42}
2025-11-20 09:20:29,474 [trainer.py] => CNN top1 curve: [100.0, 98.79, 98.55, 98.02, 97.5, 95.39, 93.96, 94.23, 94.01, 92.93, 93.4, 92.66, 92.12, 91.77, 91.23, 91.54, 91.31, 91.07, 90.75]
2025-11-20 09:20:29,474 [trainer.py] => CNN top5 curve: [100.0, 100.0, 99.42, 99.34, 99.47, 99.4, 99.36, 99.35, 99.33, 99.16, 99.08, 99.01, 98.88, 98.72, 98.75, 98.78, 98.72, 98.68, 98.5]
2025-11-20 09:20:29,474 [trainer.py] => Average Accuracy (CNN): 94.17000000000002
2025-11-20 09:20:29,475 [trainer.py] => All params: 87134208
2025-11-20 09:20:29,475 [trainer.py] => Trainable params: 1335552
2025-11-20 09:20:29,486 [RSIAT_adapter.py] => Learning on 190-200
2025-11-20 09:20:31,123 [toolkit.py] => All params: 87340160
2025-11-20 09:20:31,123 [toolkit.py] => Trainable params: 1541504
2025-11-20 09:24:18,567 [RSIAT_adapter.py] => Task 19, Epoch 30/30 => Loss 0.309, Loss_c 0.267, Losses_rt 0.043, Train_accy 87.53, Test_accy 87.70
2025-11-20 09:24:35,114 [base.py] => CA Task 19 => Loss 0.115, Test_accy 90.120
2025-11-20 09:24:42,436 [base.py] => CA Task 19 => Loss 0.105, Test_accy 90.160
2025-11-20 09:24:49,496 [base.py] => CA Task 19 => Loss 0.104, Test_accy 90.330
2025-11-20 09:24:56,887 [base.py] => CA Task 19 => Loss 0.100, Test_accy 90.500
2025-11-20 09:25:03,980 [base.py] => CA Task 19 => Loss 0.100, Test_accy 90.540
2025-11-20 09:25:11,304 [base.py] => CA Task 19 => Loss 0.098, Test_accy 90.630
2025-11-20 09:25:18,492 [base.py] => CA Task 19 => Loss 0.096, Test_accy 90.460
2025-11-20 09:25:25,997 [base.py] => CA Task 19 => Loss 0.097, Test_accy 90.540
2025-11-20 09:25:33,472 [base.py] => CA Task 19 => Loss 0.097, Test_accy 90.590
2025-11-20 09:25:40,905 [base.py] => CA Task 19 => Loss 0.096, Test_accy 90.590
2025-11-20 09:25:45,515 [trainer.py] => CNN: {'total': 90.59, '00-09': 80.51, '10-19': 87.6, '20-29': 93.81, '30-39': 83.64, '40-49': 90.65, '50-59': 89.19, '60-69': 82.08, '70-79': 92.91, '80-89': 94.74, '90-99': 89.71, '100-109': 94.78, '110-119': 91.15, '120-129': 85.05, '130-139': 92.37, '140-149': 89.68, '150-159': 96.77, '160-169': 91.04, '170-179': 96.12, '180-189': 93.18, '190-199': 95.92, 'old': 90.35, 'new': 95.92}
2025-11-20 09:25:45,515 [trainer.py] => CNN top1 curve: [100.0, 98.79, 98.55, 98.02, 97.5, 95.39, 93.96, 94.23, 94.01, 92.93, 93.4, 92.66, 92.12, 91.77, 91.23, 91.54, 91.31, 91.07, 90.75, 90.59]
2025-11-20 09:25:45,515 [trainer.py] => CNN top5 curve: [100.0, 100.0, 99.42, 99.34, 99.47, 99.4, 99.36, 99.35, 99.33, 99.16, 99.08, 99.01, 98.88, 98.72, 98.75, 98.78, 98.72, 98.68, 98.5, 98.43]
2025-11-20 09:25:45,515 [trainer.py] => Average Accuracy (CNN): 93.99100000000001
2025-11-20 09:25:45,547 [trainer.py] => Average Seed Accuracy (CNN): 93.99100000000001
