2026-03-27 05:46:40,083 [trainer.py] => config: ./exps/adapter_vtab.json
2026-03-27 05:46:40,083 [trainer.py] => prefix: all
2026-03-27 05:46:40,084 [trainer.py] => dataset: vtab
2026-03-27 05:46:40,084 [trainer.py] => shuffle: False
2026-03-27 05:46:40,084 [trainer.py] => ssca: True
2026-03-27 05:46:40,084 [trainer.py] => ca: True
2026-03-27 05:46:40,084 [trainer.py] => init_cls: 10
2026-03-27 05:46:40,084 [trainer.py] => increment: 10
2026-03-27 05:46:40,084 [trainer.py] => model_name: adapter
2026-03-27 05:46:40,084 [trainer.py] => convnet_type: pretrained_vit_b16_224_in21k_adapter
2026-03-27 05:46:40,084 [trainer.py] => device: [device(type='cuda', index=0)]
2026-03-27 05:46:40,084 [trainer.py] => seed: 1993
2026-03-27 05:46:40,084 [trainer.py] => init_epochs: 30
2026-03-27 05:46:40,084 [trainer.py] => warmup_epoch: 3
2026-03-27 05:46:40,084 [trainer.py] => inc_epochs: 20
2026-03-27 05:46:40,084 [trainer.py] => ca_epochs: 10
2026-03-27 05:46:40,084 [trainer.py] => init_lr: 0.035504304353760466
2026-03-27 05:46:40,084 [trainer.py] => batch_size: 48
2026-03-27 05:46:40,084 [trainer.py] => weight_decay: 2.0416780926867303e-05
2026-03-27 05:46:40,084 [trainer.py] => min_lr: 0
2026-03-27 05:46:40,084 [trainer.py] => ffn_num: 64
2026-03-27 05:46:40,084 [trainer.py] => optimizer: sgd
2026-03-27 05:46:40,084 [trainer.py] => scale: 20.0
2026-03-27 05:46:40,084 [trainer.py] => margin: 0.3
2026-03-27 05:46:40,084 [trainer.py] => alpha: 2.0
2026-03-27 05:46:40,084 [trainer.py] => rs_margin: 0.3
2026-03-27 05:46:40,084 [trainer.py] => lambda_rs: 2.0
2026-03-27 05:46:40,084 [trainer.py] => beta: 0.2
2026-03-27 05:46:40,084 [trainer.py] => gamma: 1.0
2026-03-27 05:46:40,084 [trainer.py] => ae_code_dims: 256
2026-03-27 05:46:40,084 [trainer.py] => ae_init_lr: 5.0175731532879885e-05
2026-03-27 05:46:40,085 [trainer.py] => ae_weight_decay: 0.043872546114818035
2026-03-27 05:46:40,113 [data_manager.py] => [0, 1, 2, 3, 4, 5, 6, 7, 8, 9, 10, 11, 12, 13, 14, 15, 16, 17, 18, 19, 20, 21, 22, 23, 24, 25, 26, 27, 28, 29, 30, 31, 32, 33, 34, 35, 36, 37, 38, 39, 40, 41, 42, 43, 44, 45, 46, 47, 48, 49]
2026-03-27 05:46:42,855 [trainer.py] => All params: 86988288
2026-03-27 05:46:42,856 [trainer.py] => Trainable params: 1189632
2026-03-27 05:46:42,857 [RSIAT_adapter.py] => Learning on 0-10
2026-03-27 05:46:43,385 [toolkit.py] => All params: 86251776
2026-03-27 05:46:43,386 [toolkit.py] => Trainable params: 1197312
2026-03-27 05:49:04,354 [RSIAT_adapter.py] => Task 0, Epoch 30/30 => Loss 2.622, Loss_c 1.351, Losses_rt 1.272, Train_accy 95.93, Test_accy 96.60
2026-03-27 05:49:10,008 [trainer.py] => CNN: {'total': 96.6, '00-09': 96.6, 'old': 0.0, 'new': 96.6}
2026-03-27 05:49:10,009 [trainer.py] => CNN top1 curve: [96.6]
2026-03-27 05:49:10,009 [trainer.py] => CNN top5 curve: [99.9]
2026-03-27 05:49:10,009 [trainer.py] => Average Accuracy (CNN): 96.6
2026-03-27 05:49:10,010 [trainer.py] => All params: 86995968
2026-03-27 05:49:10,011 [trainer.py] => Trainable params: 1197312
2026-03-27 05:49:10,025 [RSIAT_adapter.py] => Learning on 10-20
2026-03-27 05:49:10,976 [toolkit.py] => All params: 87135872
2026-03-27 05:49:10,976 [toolkit.py] => Trainable params: 1337216
2026-03-27 05:51:13,829 [RSIAT_adapter.py] => Task 1, Epoch 20/20 => Loss 1.170, Loss_c 0.919, Losses_rt 0.251, Train_accy 98.62, Test_accy 93.43
2026-03-27 05:51:22,555 [base.py] => CA Task 1 => Loss 0.051, Test_accy 93.640
2026-03-27 05:51:26,393 [base.py] => CA Task 1 => Loss 0.046, Test_accy 93.570
2026-03-27 05:51:30,721 [base.py] => CA Task 1 => Loss 0.034, Test_accy 93.430
2026-03-27 05:51:35,022 [base.py] => CA Task 1 => Loss 0.031, Test_accy 93.860
2026-03-27 05:51:39,424 [base.py] => CA Task 1 => Loss 0.030, Test_accy 93.640
2026-03-27 05:51:43,713 [base.py] => CA Task 1 => Loss 0.027, Test_accy 93.710
2026-03-27 05:51:47,428 [base.py] => CA Task 1 => Loss 0.024, Test_accy 93.710
2026-03-27 05:51:51,801 [base.py] => CA Task 1 => Loss 0.028, Test_accy 93.710
2026-03-27 05:51:56,242 [base.py] => CA Task 1 => Loss 0.025, Test_accy 93.710
2026-03-27 05:52:00,469 [base.py] => CA Task 1 => Loss 0.025, Test_accy 93.710
2026-03-27 05:52:04,524 [trainer.py] => CNN: {'total': 93.71, '00-09': 96.5, '10-19': 86.75, 'old': 96.5, 'new': 86.75}
2026-03-27 05:52:04,525 [trainer.py] => CNN top1 curve: [96.6, 93.71]
2026-03-27 05:52:04,525 [trainer.py] => CNN top5 curve: [99.9, 99.57]
2026-03-27 05:52:04,525 [trainer.py] => Average Accuracy (CNN): 95.155
2026-03-27 05:52:04,525 [trainer.py] => All params: 87003648
2026-03-27 05:52:04,526 [trainer.py] => Trainable params: 1204992
2026-03-27 05:52:04,528 [RSIAT_adapter.py] => Learning on 20-30
2026-03-27 05:52:05,690 [toolkit.py] => All params: 87143552
2026-03-27 05:52:05,690 [toolkit.py] => Trainable params: 1344896
2026-03-27 05:55:07,214 [RSIAT_adapter.py] => Task 2, Epoch 20/20 => Loss 1.215, Loss_c 0.985, Losses_rt 0.230, Train_accy 96.64, Test_accy 93.54
2026-03-27 05:55:19,400 [base.py] => CA Task 2 => Loss 0.037, Test_accy 93.920
2026-03-27 05:55:26,437 [base.py] => CA Task 2 => Loss 0.036, Test_accy 93.960
2026-03-27 05:55:33,314 [base.py] => CA Task 2 => Loss 0.034, Test_accy 94.000
2026-03-27 05:55:40,105 [base.py] => CA Task 2 => Loss 0.030, Test_accy 94.050
2026-03-27 05:55:47,189 [base.py] => CA Task 2 => Loss 0.026, Test_accy 93.920
2026-03-27 05:55:54,253 [base.py] => CA Task 2 => Loss 0.027, Test_accy 94.090
2026-03-27 05:56:00,519 [base.py] => CA Task 2 => Loss 0.028, Test_accy 94.050
2026-03-27 05:56:07,561 [base.py] => CA Task 2 => Loss 0.026, Test_accy 94.050
2026-03-27 05:56:14,748 [base.py] => CA Task 2 => Loss 0.026, Test_accy 94.050
2026-03-27 05:56:21,169 [base.py] => CA Task 2 => Loss 0.029, Test_accy 94.050
2026-03-27 05:56:27,847 [trainer.py] => CNN: {'total': 94.05, '00-09': 95.8, '10-19': 86.75, '20-29': 95.23, 'old': 93.21, 'new': 95.23}
2026-03-27 05:56:27,847 [trainer.py] => CNN top1 curve: [96.6, 93.71, 94.05]
2026-03-27 05:56:27,848 [trainer.py] => CNN top5 curve: [99.9, 99.57, 99.5]
2026-03-27 05:56:27,848 [trainer.py] => Average Accuracy (CNN): 94.78666666666668
2026-03-27 05:56:27,848 [trainer.py] => All params: 87011328
2026-03-27 05:56:27,849 [trainer.py] => Trainable params: 1212672
2026-03-27 05:56:27,850 [RSIAT_adapter.py] => Learning on 30-40
2026-03-27 05:56:30,860 [toolkit.py] => All params: 87151232
2026-03-27 05:56:30,861 [toolkit.py] => Trainable params: 1352576
2026-03-27 06:05:34,150 [RSIAT_adapter.py] => Task 3, Epoch 20/20 => Loss 1.646, Loss_c 1.234, Losses_rt 0.412, Train_accy 93.80, Test_accy 93.44
2026-03-27 06:06:01,569 [base.py] => CA Task 3 => Loss 0.045, Test_accy 93.670
2026-03-27 06:06:20,362 [base.py] => CA Task 3 => Loss 0.037, Test_accy 93.870
2026-03-27 06:06:39,405 [base.py] => CA Task 3 => Loss 0.035, Test_accy 94.010
2026-03-27 06:06:56,064 [base.py] => CA Task 3 => Loss 0.033, Test_accy 94.080
2026-03-27 06:07:15,391 [base.py] => CA Task 3 => Loss 0.034, Test_accy 94.160
2026-03-27 06:07:35,244 [base.py] => CA Task 3 => Loss 0.031, Test_accy 94.180
2026-03-27 06:07:55,116 [base.py] => CA Task 3 => Loss 0.031, Test_accy 94.190
2026-03-27 06:08:14,943 [base.py] => CA Task 3 => Loss 0.031, Test_accy 94.190
2026-03-27 06:08:34,811 [base.py] => CA Task 3 => Loss 0.030, Test_accy 94.180
2026-03-27 06:08:54,810 [base.py] => CA Task 3 => Loss 0.030, Test_accy 94.180
2026-03-27 06:09:14,049 [trainer.py] => CNN: {'total': 94.18, '00-09': 94.3, '10-19': 87.0, '20-29': 95.74, '30-39': 94.41, 'old': 93.67, 'new': 94.41}
2026-03-27 06:09:14,050 [trainer.py] => CNN top1 curve: [96.6, 93.71, 94.05, 94.18]
2026-03-27 06:09:14,050 [trainer.py] => CNN top5 curve: [99.9, 99.57, 99.5, 99.34]
2026-03-27 06:09:14,050 [trainer.py] => Average Accuracy (CNN): 94.635
2026-03-27 06:09:14,050 [trainer.py] => All params: 87019008
2026-03-27 06:09:14,051 [trainer.py] => Trainable params: 1220352
2026-03-27 06:09:14,054 [RSIAT_adapter.py] => Learning on 40-50
2026-03-27 06:09:14,841 [toolkit.py] => All params: 87158912
2026-03-27 06:09:14,841 [toolkit.py] => Trainable params: 1360256
2026-03-27 06:17:00,808 [RSIAT_adapter.py] => Task 4, Epoch 20/20 => Loss 0.409, Loss_c 0.205, Losses_rt 0.204, Train_accy 98.88, Test_accy 94.12
2026-03-27 06:17:28,393 [base.py] => CA Task 4 => Loss 0.033, Test_accy 94.260
2026-03-27 06:17:51,650 [base.py] => CA Task 4 => Loss 0.031, Test_accy 94.430
2026-03-27 06:18:15,073 [base.py] => CA Task 4 => Loss 0.030, Test_accy 94.570
2026-03-27 06:18:39,025 [base.py] => CA Task 4 => Loss 0.027, Test_accy 94.620
2026-03-27 06:19:02,467 [base.py] => CA Task 4 => Loss 0.027, Test_accy 94.640
2026-03-27 06:19:26,432 [base.py] => CA Task 4 => Loss 0.026, Test_accy 94.640
2026-03-27 06:19:49,891 [base.py] => CA Task 4 => Loss 0.026, Test_accy 94.660
2026-03-27 06:20:13,341 [base.py] => CA Task 4 => Loss 0.027, Test_accy 94.710
2026-03-27 06:20:37,224 [base.py] => CA Task 4 => Loss 0.025, Test_accy 94.690
2026-03-27 06:21:00,606 [base.py] => CA Task 4 => Loss 0.025, Test_accy 94.690
2026-03-27 06:21:23,732 [trainer.py] => CNN: {'total': 94.69, '00-09': 96.1, '10-19': 87.75, '20-29': 95.23, '30-39': 94.02, '40-49': 100.0, 'old': 94.12, 'new': 100.0}
2026-03-27 06:21:23,732 [trainer.py] => CNN top1 curve: [96.6, 93.71, 94.05, 94.18, 94.69]
2026-03-27 06:21:23,732 [trainer.py] => CNN top5 curve: [99.9, 99.57, 99.5, 99.34, 99.47]
2026-03-27 06:21:23,732 [trainer.py] => Average Accuracy (CNN): 94.646
2026-03-27 06:21:23,739 [trainer.py] => Average Seed Accuracy (CNN): 94.646
